<?xml version="1.0" encoding="UTF-8"?>
<testsuite xmlns:xsi="http://www.w3.org/2001/XMLSchema-instance" xsi:noNamespaceSchemaLocation="https://maven.apache.org/surefire/maven-surefire-plugin/xsd/surefire-test-report-3.0.xsd" version="3.0" name="com.example.producingwebservice.ProducingWebServiceApplicationIntegrationTests" time="4.061" tests="1" errors="0" skipped="0" failures="0">
  <properties>
[...]
</properties>
  <testcase name="testSendAndReceive" classname="com.example.producingwebservice.ProducingWebServiceApplicationIntegrationTests" time="1.434">
    <system-out><![CDATA[08:29:23.019 [main] INFO org.springframework.test.context.support.AnnotationConfigContextLoaderUtils -- Could not detect default configuration classes for test class [com.example.producingwebservice.ProducingWebServiceApplicationIntegrationTests]: ProducingWebServiceApplicationIntegrationTests does not declare any static, non-private, non-final, nested classes annotated with @Configuration.
08:29:23.152 [main] INFO org.springframework.boot.test.context.SpringBootTestContextBootstrapper -- Found @SpringBootConfiguration com.example.producingwebservice.ProducingWebServiceApplication for test class com.example.producingwebservice.ProducingWebServiceApplicationIntegrationTests
  .   ____          _            __ _ _
 /\\ / ___'_ __ _ _(_)_ __  __ _ \ \ \ \
( ( )\___ | '_ | '_| | '_ \/ _` | \ \ \ \
 \\/  ___)| |_)| | | | | || (_| |  ) ) ) )
  '  |____| .__|_| |_|_| |_\__, | / / / /
 =========|_|==============|___/=/_/_/_/

 :: Spring Boot ::                (v3.3.0)

2024-12-26T08:29:23.628+03:00  INFO 23292 --- [           main] ingWebServiceApplicationIntegrationTests : Starting ProducingWebServiceApplicationIntegrationTests using Java 23.0.1 with PID 23292 (started by mrataev in C:\Users\mrataev\IdeaProjects\SOAP\Spring-SOAP3)
2024-12-26T08:29:23.630+03:00  INFO 23292 --- [           main] ingWebServiceApplicationIntegrationTests : No active profile set, falling back to 1 default profile: "default"
2024-12-26T08:29:24.446+03:00  WARN 23292 --- [           main] trationDelegate$BeanPostProcessorChecker : Bean 'webServiceConfig' of type [com.example.producingwebservice.WebServiceConfig$$SpringCGLIB$$0] is not eligible for getting processed by all BeanPostProcessors (for example: not eligible for auto-proxying). Is this bean getting eagerly injected into a currently created BeanPostProcessor [annotationActionEndpointMapping]? Check the corresponding BeanPostProcessor declaration and its dependencies.
2024-12-26T08:29:24.447+03:00  WARN 23292 --- [           main] trationDelegate$BeanPostProcessorChecker : Bean 'org.springframework.ws.config.annotation.DelegatingWsConfiguration' of type [org.springframework.ws.config.annotation.DelegatingWsConfiguration$$SpringCGLIB$$0] is not eligible for getting processed by all BeanPostProcessors (for example: not eligible for auto-proxying). The currently created BeanPostProcessor [annotationActionEndpointMapping] is declared through a non-static factory method on that class; consider declaring it as static instead.
2024-12-26T08:29:24.468+03:00  INFO 23292 --- [           main] .w.s.a.s.AnnotationActionEndpointMapping : Supporting [WS-Addressing August 2004, WS-Addressing 1.0]
2024-12-26T08:29:24.831+03:00  INFO 23292 --- [           main] o.s.b.w.embedded.tomcat.TomcatWebServer  : Tomcat initialized with port 0 (http)
2024-12-26T08:29:24.847+03:00  INFO 23292 --- [           main] o.apache.catalina.core.StandardService   : Starting service [Tomcat]
2024-12-26T08:29:24.847+03:00  INFO 23292 --- [           main] o.apache.catalina.core.StandardEngine    : Starting Servlet engine: [Apache Tomcat/10.1.24]
2024-12-26T08:29:24.911+03:00  INFO 23292 --- [           main] o.a.c.c.C.[Tomcat].[localhost].[/]       : Initializing Spring embedded WebApplicationContext
2024-12-26T08:29:24.913+03:00  INFO 23292 --- [           main] w.s.c.ServletWebServerApplicationContext : Root WebApplicationContext: initialization completed in 1261 ms
2024-12-26T08:29:25.442+03:00  INFO 23292 --- [           main] o.s.b.w.embedded.tomcat.TomcatWebServer  : Tomcat started on port 61269 (http) with context path '/'
2024-12-26T08:29:25.451+03:00  INFO 23292 --- [           main] ingWebServiceApplicationIntegrationTests : Started ProducingWebServiceApplicationIntegrationTests in 2.122 seconds (process running for 3.204)
2024-12-26T08:29:26.521+03:00  INFO 23292 --- [           main] o.s.ws.soap.saaj.SaajSoapMessageFactory  : Creating SAAJ 1.3 MessageFactory with SOAP 1.1 Protocol
2024-12-26T08:29:26.734+03:00  INFO 23292 --- [o-auto-1-exec-1] o.a.c.c.C.[Tomcat].[localhost].[/]       : Initializing Spring MessageDispatcherServlet 'messageDispatcherServlet'
2024-12-26T08:29:26.735+03:00  INFO 23292 --- [o-auto-1-exec-1] o.s.w.t.http.MessageDispatcherServlet    : Initializing Servlet 'messageDispatcherServlet'
2024-12-26T08:29:26.736+03:00  INFO 23292 --- [o-auto-1-exec-1] o.s.ws.soap.saaj.SaajSoapMessageFactory  : Creating SAAJ 1.3 MessageFactory with SOAP 1.1 Protocol
2024-12-26T08:29:26.742+03:00  INFO 23292 --- [o-auto-1-exec-1] o.s.w.t.http.MessageDispatcherServlet    : Completed initialization in 7 ms
]]></system-out>
    <system-err><![CDATA[WARNING: A Java agent has been loaded dynamically (C:\Users\mrataev\.m2\repository\net\bytebuddy\byte-buddy-agent\1.14.16\byte-buddy-agent-1.14.16.jar)
WARNING: If a serviceability tool is in use, please run with -XX:+EnableDynamicAgentLoading to hide this warning
WARNING: If a serviceability tool is not in use, please run with -Djdk.instrument.traceUsage for more information
WARNING: Dynamic loading of agents will be disallowed by default in a future release
]]></system-err>
  </testcase>
</testsuite>